# JRE version: Java(TM) SE Runtime Environment (8.0_171-b11) (build 1.8.0_171-b11)
# Java VM: Java HotSpot(TM) 64-Bit Server VM (25.171-b11 mixed mode linux-amd64 compressed oops)
Heap:
 PSYoungGen      total 350208K, used 45549K [0x00000000e0000000, 0x00000000f9380000, 0x0000000100000000)
  eden space 304640K, 0% used [0x00000000e0000000,0x00000000e0000000,0x00000000f2980000)
  from space 45568K, 99% used [0x00000000f3a80000,0x00000000f66fb5e8,0x00000000f6700000)
  to   space 32256K, 0% used [0x00000000f7400000,0x00000000f7400000,0x00000000f9380000)
 ParOldGen       total 177664K, used 63972K [0x00000000a0000000, 0x00000000aad80000, 0x00000000e0000000)
  object space 177664K, 36% used [0x00000000a0000000,0x00000000a3e79138,0x00000000aad80000)
 Metaspace       used 63134K, capacity 64487K, committed 64808K, reserved 1105920K
  class space    used 7254K, capacity 7559K, committed 7728K, reserved 1048576K
GC Heap History (10 events):
Event: 1652,584 GC heap after
Heap after GC invocations=19 (full 4):
 PSYoungGen      total 236032K, used 32850K [0x00000000e0000000, 0x00000000f4e00000, 0x0000000100000000)
  eden space 199680K, 0% used [0x00000000e0000000,0x00000000e0000000,0x00000000ec300000)
  from space 36352K, 90% used [0x00000000ec300000,0x00000000ee314b20,0x00000000ee680000)
  to   space 40960K, 0% used [0x00000000f2600000,0x00000000f2600000,0x00000000f4e00000)
 ParOldGen       total 147456K, used 69478K [0x00000000a0000000, 0x00000000a9000000, 0x00000000e0000000)
  object space 147456K, 47% used [0x00000000a0000000,0x00000000a43d9b58,0x00000000a9000000)
 Metaspace       used 60798K, capacity 62043K, committed 62376K, reserved 1103872K
  class space    used 7190K, capacity 7479K, committed 7600K, reserved 1048576K
}
Event: 1654,715 GC heap before
{Heap before GC invocations=20 (full 4):
 PSYoungGen      total 236032K, used 232530K [0x00000000e0000000, 0x00000000f4e00000, 0x0000000100000000)
  eden space 199680K, 100% used [0x00000000e0000000,0x00000000ec300000,0x00000000ec300000)
  from space 36352K, 90% used [0x00000000ec300000,0x00000000ee314b20,0x00000000ee680000)
  to   space 40960K, 0% used [0x00000000f2600000,0x00000000f2600000,0x00000000f4e00000)
 ParOldGen       total 147456K, used 69478K [0x00000000a0000000, 0x00000000a9000000, 0x00000000e0000000)
  object space 147456K, 47% used [0x00000000a0000000,0x00000000a43d9b58,0x00000000a9000000)
 Metaspace       used 61523K, capacity 62837K, committed 63144K, reserved 1105920K
  class space    used 7231K, capacity 7524K, committed 7600K, reserved 1048576K
Event: 1654,751 GC heap after
Heap after GC invocations=20 (full 4):
 PSYoungGen      total 300544K, used 25114K [0x00000000e0000000, 0x00000000f4e80000, 0x0000000100000000)
  eden space 259584K, 0% used [0x00000000e0000000,0x00000000e0000000,0x00000000efd80000)
  from space 40960K, 61% used [0x00000000f2600000,0x00000000f3e86b10,0x00000000f4e00000)
  to   space 41472K, 0% used [0x00000000efd80000,0x00000000efd80000,0x00000000f2600000)
 ParOldGen       total 147456K, used 75512K [0x00000000a0000000, 0x00000000a9000000, 0x00000000e0000000)
  object space 147456K, 51% used [0x00000000a0000000,0x00000000a49be348,0x00000000a9000000)
 Metaspace       used 61523K, capacity 62837K, committed 63144K, reserved 1105920K
  class space    used 7231K, capacity 7524K, committed 7600K, reserved 1048576K
}
Event: 1661,307 GC heap before
{Heap before GC invocations=21 (full 4):
 PSYoungGen      total 300544K, used 284698K [0x00000000e0000000, 0x00000000f4e80000, 0x0000000100000000)
  eden space 259584K, 100% used [0x00000000e0000000,0x00000000efd80000,0x00000000efd80000)
  from space 40960K, 61% used [0x00000000f2600000,0x00000000f3e86b10,0x00000000f4e00000)
  to   space 41472K, 0% used [0x00000000efd80000,0x00000000efd80000,0x00000000f2600000)
 ParOldGen       total 147456K, used 75512K [0x00000000a0000000, 0x00000000a9000000, 0x00000000e0000000)
  object space 147456K, 51% used [0x00000000a0000000,0x00000000a49be348,0x00000000a9000000)
 Metaspace       used 62523K, capacity 63889K, committed 64168K, reserved 1105920K
  class space    used 7256K, capacity 7564K, committed 7600K, reserved 1048576K
Event: 1661,424 GC heap after
Heap after GC invocations=21 (full 4):
 PSYoungGen      total 301056K, used 29009K [0x00000000e0000000, 0x00000000f9e00000, 0x0000000100000000)
  eden space 259584K, 0% used [0x00000000e0000000,0x00000000e0000000,0x00000000efd80000)
  from space 41472K, 69% used [0x00000000efd80000,0x00000000f19d4530,0x00000000f2600000)
  to   space 43008K, 0% used [0x00000000f7400000,0x00000000f7400000,0x00000000f9e00000)
 ParOldGen       total 147456K, used 95977K [0x00000000a0000000, 0x00000000a9000000, 0x00000000e0000000)
  object space 147456K, 65% used [0x00000000a0000000,0x00000000a5dba5c0,0x00000000a9000000)
 Metaspace       used 62523K, capacity 63889K, committed 64168K, reserved 1105920K
  class space    used 7256K, capacity 7564K, committed 7600K, reserved 1048576K
}
Event: 2275,148 GC heap before
{Heap before GC invocations=22 (full 4):
 PSYoungGen      total 301056K, used 288593K [0x00000000e0000000, 0x00000000f9e00000, 0x0000000100000000)
  eden space 259584K, 100% used [0x00000000e0000000,0x00000000efd80000,0x00000000efd80000)
  from space 41472K, 69% used [0x00000000efd80000,0x00000000f19d4530,0x00000000f2600000)
  to   space 43008K, 0% used [0x00000000f7400000,0x00000000f7400000,0x00000000f9e00000)
 ParOldGen       total 147456K, used 95977K [0x00000000a0000000, 0x00000000a9000000, 0x00000000e0000000)
  object space 147456K, 65% used [0x00000000a0000000,0x00000000a5dba5c0,0x00000000a9000000)
 Metaspace       used 63243K, capacity 64621K, committed 64808K, reserved 1105920K
  class space    used 7297K, capacity 7608K, committed 7728K, reserved 1048576K
Event: 2275,326 GC heap after
Heap after GC invocations=22 (full 4):
 PSYoungGen      total 336896K, used 31938K [0x00000000e0000000, 0x00000000f9380000, 0x0000000100000000)
  eden space 304640K, 0% used [0x00000000e0000000,0x00000000e0000000,0x00000000f2980000)
  from space 32256K, 99% used [0x00000000f7400000,0x00000000f93308f0,0x00000000f9380000)
  to   space 45568K, 0% used [0x00000000f3a80000,0x00000000f3a80000,0x00000000f6700000)
 ParOldGen       total 147456K, used 121055K [0x00000000a0000000, 0x00000000a9000000, 0x00000000e0000000)
  object space 147456K, 82% used [0x00000000a0000000,0x00000000a7637c40,0x00000000a9000000)
 Metaspace       used 63243K, capacity 64621K, committed 64808K, reserved 1105920K
  class space    used 7297K, capacity 7608K, committed 7728K, reserved 1048576K
}
Event: 2275,326 GC heap before
{Heap before GC invocations=23 (full 5):
 PSYoungGen      total 336896K, used 31938K [0x00000000e0000000, 0x00000000f9380000, 0x0000000100000000)
  eden space 304640K, 0% used [0x00000000e0000000,0x00000000e0000000,0x00000000f2980000)
  from space 32256K, 99% used [0x00000000f7400000,0x00000000f93308f0,0x00000000f9380000)
  to   space 45568K, 0% used [0x00000000f3a80000,0x00000000f3a80000,0x00000000f6700000)
 ParOldGen       total 147456K, used 121055K [0x00000000a0000000, 0x00000000a9000000, 0x00000000e0000000)
  object space 147456K, 82% used [0x00000000a0000000,0x00000000a7637c40,0x00000000a9000000)
 Metaspace       used 63243K, capacity 64621K, committed 64808K, reserved 1105920K
  class space    used 7297K, capacity 7608K, committed 7728K, reserved 1048576K
Event: 2275,666 GC heap after
Heap after GC invocations=23 (full 5):
 PSYoungGen      total 336896K, used 0K [0x00000000e0000000, 0x00000000f9380000, 0x0000000100000000)
  eden space 304640K, 0% used [0x00000000e0000000,0x00000000e0000000,0x00000000f2980000)
  from space 32256K, 0% used [0x00000000f7400000,0x00000000f7400000,0x00000000f9380000)
  to   space 45568K, 0% used [0x00000000f3a80000,0x00000000f3a80000,0x00000000f6700000)
 ParOldGen       total 177664K, used 48663K [0x00000000a0000000, 0x00000000aad80000, 0x00000000e0000000)
  object space 177664K, 27% used [0x00000000a0000000,0x00000000a2f85cd0,0x00000000aad80000)
 Metaspace       used 62344K, capacity 63543K, committed 64808K, reserved 1105920K
  class space    used 7174K, capacity 7443K, committed 7728K, reserved 1048576K
}
Event: 3268,348 GC heap before
{Heap before GC invocations=24 (full 5):
 PSYoungGen      total 336896K, used 304640K [0x00000000e0000000, 0x00000000f9380000, 0x0000000100000000)
  eden space 304640K, 100% used [0x00000000e0000000,0x00000000f2980000,0x00000000f2980000)
  from space 32256K, 0% used [0x00000000f7400000,0x00000000f7400000,0x00000000f9380000)
  to   space 45568K, 0% used [0x00000000f3a80000,0x00000000f3a80000,0x00000000f6700000)
 ParOldGen       total 177664K, used 48663K [0x00000000a0000000, 0x00000000aad80000, 0x00000000e0000000)
  object space 177664K, 27% used [0x00000000a0000000,0x00000000a2f85cd0,0x00000000aad80000)
 Metaspace       used 63134K, capacity 64487K, committed 64808K, reserved 1105920K
  class space    used 7254K, capacity 7559K, committed 7728K, reserved 1048576K

